c:\d_drive\00_vpu\wdf\cameradriver\cameradriver\x64\debug\vc143.pdb
c:\d_drive\00_vpu\wdf\cameradriver\cameradriver\x64\debug\cameradriver.obj
c:\d_drive\00_vpu\wdf\cameradriver\x64\debug\cameradriver\cameradriver.cat
c:\d_drive\00_vpu\wdf\cameradriver\x64\debug\cameradriver.sys
c:\d_drive\00_vpu\wdf\cameradriver\x64\debug\cameradriver.pdb
c:\d_drive\00_vpu\wdf\cameradriver\cameradriver\x64\debug\cameradriver.inf
c:\d_drive\00_vpu\wdf\cameradriver\x64\debug\cameradriver.cer
c:\d_drive\00_vpu\wdf\cameradriver\x64\debug\cameradriver.inf
c:\d_drive\00_vpu\wdf\cameradriver\cameradriver\x64\debug\cameradriver.tlog\cl.command.1.tlog
c:\d_drive\00_vpu\wdf\cameradriver\cameradriver\x64\debug\cameradriver.tlog\cl.items.tlog
c:\d_drive\00_vpu\wdf\cameradriver\cameradriver\x64\debug\cameradriver.tlog\cl.read.1.tlog
c:\d_drive\00_vpu\wdf\cameradriver\cameradriver\x64\debug\cameradriver.tlog\cl.write.1.tlog
c:\d_drive\00_vpu\wdf\cameradriver\cameradriver\x64\debug\cameradriver.tlog\inf2cat-expand.11720.read.1.tlog
c:\d_drive\00_vpu\wdf\cameradriver\cameradriver\x64\debug\cameradriver.tlog\inf2cat-expand.11720.write.1.tlog
c:\d_drive\00_vpu\wdf\cameradriver\cameradriver\x64\debug\cameradriver.tlog\inf2cat-expand.13068.read.1.tlog
c:\d_drive\00_vpu\wdf\cameradriver\cameradriver\x64\debug\cameradriver.tlog\inf2cat-expand.13068.write.1.tlog
c:\d_drive\00_vpu\wdf\cameradriver\cameradriver\x64\debug\cameradriver.tlog\inf2cat-expand.13892.read.1.tlog
c:\d_drive\00_vpu\wdf\cameradriver\cameradriver\x64\debug\cameradriver.tlog\inf2cat-expand.13892.write.1.tlog
c:\d_drive\00_vpu\wdf\cameradriver\cameradriver\x64\debug\cameradriver.tlog\inf2cat-expand.1472.read.1.tlog
c:\d_drive\00_vpu\wdf\cameradriver\cameradriver\x64\debug\cameradriver.tlog\inf2cat-expand.1472.write.1.tlog
c:\d_drive\00_vpu\wdf\cameradriver\cameradriver\x64\debug\cameradriver.tlog\inf2cat-expand.2172.read.1.tlog
c:\d_drive\00_vpu\wdf\cameradriver\cameradriver\x64\debug\cameradriver.tlog\inf2cat-expand.2172.write.1.tlog
c:\d_drive\00_vpu\wdf\cameradriver\cameradriver\x64\debug\cameradriver.tlog\inf2cat-expand.2600.read.1.tlog
c:\d_drive\00_vpu\wdf\cameradriver\cameradriver\x64\debug\cameradriver.tlog\inf2cat-expand.2600.write.1.tlog
c:\d_drive\00_vpu\wdf\cameradriver\cameradriver\x64\debug\cameradriver.tlog\inf2cat-expand.26764.read.1.tlog
c:\d_drive\00_vpu\wdf\cameradriver\cameradriver\x64\debug\cameradriver.tlog\inf2cat-expand.26764.write.1.tlog
c:\d_drive\00_vpu\wdf\cameradriver\cameradriver\x64\debug\cameradriver.tlog\inf2cat-expand.28276.read.1.tlog
c:\d_drive\00_vpu\wdf\cameradriver\cameradriver\x64\debug\cameradriver.tlog\inf2cat-expand.28276.write.1.tlog
c:\d_drive\00_vpu\wdf\cameradriver\cameradriver\x64\debug\cameradriver.tlog\inf2cat-expand.28480.read.1.tlog
c:\d_drive\00_vpu\wdf\cameradriver\cameradriver\x64\debug\cameradriver.tlog\inf2cat-expand.28480.write.1.tlog
c:\d_drive\00_vpu\wdf\cameradriver\cameradriver\x64\debug\cameradriver.tlog\inf2cat-expand.29952.read.1.tlog
c:\d_drive\00_vpu\wdf\cameradriver\cameradriver\x64\debug\cameradriver.tlog\inf2cat-expand.29952.write.1.tlog
c:\d_drive\00_vpu\wdf\cameradriver\cameradriver\x64\debug\cameradriver.tlog\inf2cat-expand.30908.read.1.tlog
c:\d_drive\00_vpu\wdf\cameradriver\cameradriver\x64\debug\cameradriver.tlog\inf2cat-expand.30908.write.1.tlog
c:\d_drive\00_vpu\wdf\cameradriver\cameradriver\x64\debug\cameradriver.tlog\inf2cat-expand.31680.read.1.tlog
c:\d_drive\00_vpu\wdf\cameradriver\cameradriver\x64\debug\cameradriver.tlog\inf2cat-expand.31680.write.1.tlog
c:\d_drive\00_vpu\wdf\cameradriver\cameradriver\x64\debug\cameradriver.tlog\inf2cat-expand.9648.read.1.tlog
c:\d_drive\00_vpu\wdf\cameradriver\cameradriver\x64\debug\cameradriver.tlog\inf2cat-expand.9648.write.1.tlog
c:\d_drive\00_vpu\wdf\cameradriver\cameradriver\x64\debug\cameradriver.tlog\inf2cat-expand.read.1.tlog
c:\d_drive\00_vpu\wdf\cameradriver\cameradriver\x64\debug\cameradriver.tlog\inf2cat-expand.write.1.tlog
c:\d_drive\00_vpu\wdf\cameradriver\cameradriver\x64\debug\cameradriver.tlog\inf2cat.command.1.tlog
c:\d_drive\00_vpu\wdf\cameradriver\cameradriver\x64\debug\cameradriver.tlog\inf2cat.read.1.tlog
c:\d_drive\00_vpu\wdf\cameradriver\cameradriver\x64\debug\cameradriver.tlog\inf2cat.write.1.tlog
c:\d_drive\00_vpu\wdf\cameradriver\cameradriver\x64\debug\cameradriver.tlog\link.command.1.tlog
c:\d_drive\00_vpu\wdf\cameradriver\cameradriver\x64\debug\cameradriver.tlog\link.read.1.tlog
c:\d_drive\00_vpu\wdf\cameradriver\cameradriver\x64\debug\cameradriver.tlog\link.secondary.1.tlog
c:\d_drive\00_vpu\wdf\cameradriver\cameradriver\x64\debug\cameradriver.tlog\link.write.1.tlog
c:\d_drive\00_vpu\wdf\cameradriver\cameradriver\x64\debug\cameradriver.tlog\signtool.command.1.tlog
c:\d_drive\00_vpu\wdf\cameradriver\cameradriver\x64\debug\cameradriver.tlog\signtool.read.1.tlog
c:\d_drive\00_vpu\wdf\cameradriver\cameradriver\x64\debug\cameradriver.tlog\signtool.timestamp.1.tlog
c:\d_drive\00_vpu\wdf\cameradriver\cameradriver\x64\debug\cameradriver.tlog\signtool.write.1.tlog
c:\d_drive\00_vpu\wdf\cameradriver\cameradriver\x64\debug\cameradriver.tlog\stampinf.command.1.tlog
c:\d_drive\00_vpu\wdf\cameradriver\cameradriver\x64\debug\cameradriver.tlog\stampinf.read.1.tlog
c:\d_drive\00_vpu\wdf\cameradriver\cameradriver\x64\debug\cameradriver.tlog\stampinf.write.1.tlog
